Added Component: Designator=U2(soic16n)
Added Component: Designator=U3(soic8)
Added Component: Designator=U4(soic8)
Added Component: Designator=U6(soic8)
Added Pin To Net: NetName=NetU2_1 Pin=U2-1
Added Pin To Net: NetName=NetC2_1 Pin=U2-2
Added Pin To Net: NetName=NetR9_1 Pin=U2-3
Added Pin To Net: NetName=NetC8_1 Pin=U2-4
Added Pin To Net: NetName=NetC2_1 Pin=U2-5
Added Pin To Net: NetName=GND Pin=U2-6
Added Pin To Net: NetName=1_15 Pin=U2-7
Added Pin To Net: NetName=GND Pin=U2-8
Added Pin To Net: NetName=1_13 Pin=U2-9
Added Pin To Net: NetName=1_11 Pin=U2-10
Added Pin To Net: NetName=NetC7_2 Pin=U2-11
Added Pin To Net: NetName=NetC10_2 Pin=U2-12
Added Pin To Net: NetName=NetR8_1 Pin=U2-13
Added Pin To Net: NetName=NetC1_2 Pin=U2-14
Added Pin To Net: NetName=NetC1_2 Pin=U2-15
Added Pin To Net: NetName=1_48 Pin=U2-16
Added Pin To Net: NetName=NetC7_2 Pin=U3-2
Added Pin To Net: NetName=1_44 Pin=U3-3
Added Pin To Net: NetName=-13V Pin=U3-4
Added Pin To Net: NetName=1_40 Pin=U3-6
Added Pin To Net: NetName=1_26 Pin=U3-7
Added Pin To Net: NetName=NetC8_1 Pin=U4-2
Added Pin To Net: NetName=1_44 Pin=U4-3
Added Pin To Net: NetName=-13V Pin=U4-4
Added Pin To Net: NetName=NetU2_1 Pin=U4-6
Added Pin To Net: NetName=1_26 Pin=U4-7
Added Pin To Net: NetName=1_45 Pin=U6-2
Added Pin To Net: NetName=1_35 Pin=U6-3
Added Pin To Net: NetName=-13V Pin=U6-4
Added Pin To Net: NetName=1_37 Pin=U6-6
Added Pin To Net: NetName=1_26 Pin=U6-7
Added Member To Class: ClassName=Y1 Member=Component U2 KP1-CD4052
Added Member To Class: ClassName=Y1 Member=Component U3 OP07
Added Member To Class: ClassName=Y1 Member=Component U4 OP07
Added Member To Class: ClassName=Y1 Member=Component U6 OP07
